This file contains any messages produced by compilers while
running configure, to aid debugging if configure makes a mistake.

It was created by xwiimote configure 2, which was
generated by GNU Autoconf 2.69.  Invocation command line was

  $ ./configure 

## --------- ##
## Platform. ##
## --------- ##

hostname = raspberrypi
uname -m = armv7l
uname -r = 4.14.79-v7+
uname -s = Linux
uname -v = #1159 SMP Sun Nov 4 17:50:20 GMT 2018

/usr/bin/uname -p = unknown
/bin/uname -X     = unknown

/bin/arch              = unknown
/usr/bin/arch -k       = unknown
/usr/convex/getsysinfo = unknown
/usr/bin/hostinfo      = unknown
/bin/machine           = unknown
/usr/bin/oslevel       = unknown
/bin/universe          = unknown

PATH: /usr/local/sbin
PATH: /usr/local/bin
PATH: /usr/sbin
PATH: /usr/bin
PATH: /sbin
PATH: /bin


## ----------- ##
## Core tests. ##
## ----------- ##

configure:2348: checking for gcc
configure:2364: found /usr/bin/gcc
configure:2375: result: gcc
configure:2604: checking for C compiler version
configure:2613: gcc --version >&5
gcc (Raspbian 6.3.0-18+rpi1+deb9u1) 6.3.0 20170516
Copyright (C) 2016 Free Software Foundation, Inc.
This is free software; see the source for copying conditions.  There is NO
warranty; not even for MERCHANTABILITY or FITNESS FOR A PARTICULAR PURPOSE.

configure:2624: $? = 0
configure:2613: gcc -v >&5
Using built-in specs.
COLLECT_GCC=gcc
COLLECT_LTO_WRAPPER=/usr/lib/gcc/arm-linux-gnueabihf/6/lto-wrapper
Target: arm-linux-gnueabihf
Configured with: ../src/configure -v --with-pkgversion='Raspbian 6.3.0-18+rpi1+deb9u1' --with-bugurl=file:///usr/share/doc/gcc-6/README.Bugs --enable-languages=c,ada,c++,java,go,d,fortran,objc,obj-c++ --prefix=/usr --program-suffix=-6 --program-prefix=arm-linux-gnueabihf- --enable-shared --enable-linker-build-id --libexecdir=/usr/lib --without-included-gettext --enable-threads=posix --libdir=/usr/lib --enable-nls --with-sysroot=/ --enable-clocale=gnu --enable-libstdcxx-debug --enable-libstdcxx-time=yes --with-default-libstdcxx-abi=new --enable-gnu-unique-object --disable-libitm --disable-libquadmath --enable-plugin --with-system-zlib --disable-browser-plugin --enable-java-awt=gtk --enable-gtk-cairo --with-java-home=/usr/lib/jvm/java-1.5.0-gcj-6-armhf/jre --enable-java-home --with-jvm-root-dir=/usr/lib/jvm/java-1.5.0-gcj-6-armhf --with-jvm-jar-dir=/usr/lib/jvm-exports/java-1.5.0-gcj-6-armhf --with-arch-directory=arm --with-ecj-jar=/usr/share/java/eclipse-ecj.jar --with-target-system-zlib --enable-objc-gc=auto --enable-multiarch --disable-sjlj-exceptions --with-arch=armv6 --with-fpu=vfp --with-float=hard --enable-checking=release --build=arm-linux-gnueabihf --host=arm-linux-gnueabihf --target=arm-linux-gnueabihf
Thread model: posix
gcc version 6.3.0 20170516 (Raspbian 6.3.0-18+rpi1+deb9u1) 
configure:2624: $? = 0
configure:2613: gcc -V >&5
gcc: error: unrecognized command line option '-V'
gcc: fatal error: no input files
compilation terminated.
configure:2624: $? = 1
configure:2613: gcc -qversion >&5
gcc: error: unrecognized command line option '-qversion'; did you mean '--version'?
gcc: fatal error: no input files
compilation terminated.
configure:2624: $? = 1
configure:2644: checking whether the C compiler works
configure:2666: gcc    conftest.c  >&5
configure:2670: $? = 0
configure:2718: result: yes
configure:2721: checking for C compiler default output file name
configure:2723: result: a.out
configure:2729: checking for suffix of executables
configure:2736: gcc -o conftest    conftest.c  >&5
configure:2740: $? = 0
configure:2762: result: 
configure:2784: checking whether we are cross compiling
configure:2792: gcc -o conftest    conftest.c  >&5
configure:2796: $? = 0
configure:2803: ./conftest
configure:2807: $? = 0
configure:2822: result: no
configure:2827: checking for suffix of object files
configure:2849: gcc -c   conftest.c >&5
configure:2853: $? = 0
configure:2874: result: o
configure:2878: checking whether we are using the GNU C compiler
configure:2897: gcc -c   conftest.c >&5
configure:2897: $? = 0
configure:2906: result: yes
configure:2915: checking whether gcc accepts -g
configure:2935: gcc -c -g  conftest.c >&5
configure:2935: $? = 0
configure:2976: result: yes
configure:2993: checking for gcc option to accept ISO C89
configure:3056: gcc  -c -g -O2  conftest.c >&5
configure:3056: $? = 0
configure:3069: result: none needed
configure:3094: checking whether gcc understands -c and -o together
configure:3116: gcc -c conftest.c -o conftest2.o
configure:3119: $? = 0
configure:3116: gcc -c conftest.c -o conftest2.o
configure:3119: $? = 0
configure:3131: result: yes
configure:3154: checking how to run the C preprocessor
configure:3185: gcc -E  conftest.c
configure:3185: $? = 0
configure:3199: gcc -E  conftest.c
conftest.c:9:28: fatal error: ac_nonexistent.h: No such file or directory
 #include <ac_nonexistent.h>
                            ^
compilation terminated.
configure:3199: $? = 1
configure: failed program was:
| /* confdefs.h */
| #define PACKAGE_NAME "xwiimote"
| #define PACKAGE_TARNAME "xwiimote"
| #define PACKAGE_VERSION "2"
| #define PACKAGE_STRING "xwiimote 2"
| #define PACKAGE_BUGREPORT "http://github.com/dvdhrm/xwiimote/issues"
| #define PACKAGE_URL "http://dvdhrm.github.io/xwiimote"
| /* end confdefs.h.  */
| #include <ac_nonexistent.h>
configure:3224: result: gcc -E
configure:3244: gcc -E  conftest.c
configure:3244: $? = 0
configure:3258: gcc -E  conftest.c
conftest.c:9:28: fatal error: ac_nonexistent.h: No such file or directory
 #include <ac_nonexistent.h>
                            ^
compilation terminated.
configure:3258: $? = 1
configure: failed program was:
| /* confdefs.h */
| #define PACKAGE_NAME "xwiimote"
| #define PACKAGE_TARNAME "xwiimote"
| #define PACKAGE_VERSION "2"
| #define PACKAGE_STRING "xwiimote 2"
| #define PACKAGE_BUGREPORT "http://github.com/dvdhrm/xwiimote/issues"
| #define PACKAGE_URL "http://dvdhrm.github.io/xwiimote"
| /* end confdefs.h.  */
| #include <ac_nonexistent.h>
configure:3287: checking for grep that handles long lines and -e
configure:3345: result: /bin/grep
configure:3350: checking for egrep
configure:3412: result: /bin/grep -E
configure:3417: checking for ANSI C header files
configure:3437: gcc -c -g -O2  conftest.c >&5
configure:3437: $? = 0
configure:3510: gcc -o conftest -g -O2   conftest.c  >&5
configure:3510: $? = 0
configure:3510: ./conftest
configure:3510: $? = 0
configure:3521: result: yes
configure:3534: checking for sys/types.h
configure:3534: gcc -c -g -O2  conftest.c >&5
configure:3534: $? = 0
configure:3534: result: yes
configure:3534: checking for sys/stat.h
configure:3534: gcc -c -g -O2  conftest.c >&5
configure:3534: $? = 0
configure:3534: result: yes
configure:3534: checking for stdlib.h
configure:3534: gcc -c -g -O2  conftest.c >&5
configure:3534: $? = 0
configure:3534: result: yes
configure:3534: checking for string.h
configure:3534: gcc -c -g -O2  conftest.c >&5
configure:3534: $? = 0
configure:3534: result: yes
configure:3534: checking for memory.h
configure:3534: gcc -c -g -O2  conftest.c >&5
configure:3534: $? = 0
configure:3534: result: yes
configure:3534: checking for strings.h
configure:3534: gcc -c -g -O2  conftest.c >&5
configure:3534: $? = 0
configure:3534: result: yes
configure:3534: checking for inttypes.h
configure:3534: gcc -c -g -O2  conftest.c >&5
configure:3534: $? = 0
configure:3534: result: yes
configure:3534: checking for stdint.h
configure:3534: gcc -c -g -O2  conftest.c >&5
configure:3534: $? = 0
configure:3534: result: yes
configure:3534: checking for unistd.h
configure:3534: gcc -c -g -O2  conftest.c >&5
configure:3534: $? = 0
configure:3534: result: yes
configure:3547: checking minix/config.h usability
configure:3547: gcc -c -g -O2  conftest.c >&5
conftest.c:52:26: fatal error: minix/config.h: No such file or directory
 #include <minix/config.h>
                          ^
compilation terminated.
configure:3547: $? = 1
configure: failed program was:
| /* confdefs.h */
| #define PACKAGE_NAME "xwiimote"
| #define PACKAGE_TARNAME "xwiimote"
| #define PACKAGE_VERSION "2"
| #define PACKAGE_STRING "xwiimote 2"
| #define PACKAGE_BUGREPORT "http://github.com/dvdhrm/xwiimote/issues"
| #define PACKAGE_URL "http://dvdhrm.github.io/xwiimote"
| #define STDC_HEADERS 1
| #define HAVE_SYS_TYPES_H 1
| #define HAVE_SYS_STAT_H 1
| #define HAVE_STDLIB_H 1
| #define HAVE_STRING_H 1
| #define HAVE_MEMORY_H 1
| #define HAVE_STRINGS_H 1
| #define HAVE_INTTYPES_H 1
| #define HAVE_STDINT_H 1
| #define HAVE_UNISTD_H 1
| /* end confdefs.h.  */
| #include <stdio.h>
| #ifdef HAVE_SYS_TYPES_H
| # include <sys/types.h>
| #endif
| #ifdef HAVE_SYS_STAT_H
| # include <sys/stat.h>
| #endif
| #ifdef STDC_HEADERS
| # include <stdlib.h>
| # include <stddef.h>
| #else
| # ifdef HAVE_STDLIB_H
| #  include <stdlib.h>
| # endif
| #endif
| #ifdef HAVE_STRING_H
| # if !defined STDC_HEADERS && defined HAVE_MEMORY_H
| #  include <memory.h>
| # endif
| # include <string.h>
| #endif
| #ifdef HAVE_STRINGS_H
| # include <strings.h>
| #endif
| #ifdef HAVE_INTTYPES_H
| # include <inttypes.h>
| #endif
| #ifdef HAVE_STDINT_H
| # include <stdint.h>
| #endif
| #ifdef HAVE_UNISTD_H
| # include <unistd.h>
| #endif
| #include <minix/config.h>
configure:3547: result: no
configure:3547: checking minix/config.h presence
configure:3547: gcc -E  conftest.c
conftest.c:19:26: fatal error: minix/config.h: No such file or directory
 #include <minix/config.h>
                          ^
compilation terminated.
configure:3547: $? = 1
configure: failed program was:
| /* confdefs.h */
| #define PACKAGE_NAME "xwiimote"
| #define PACKAGE_TARNAME "xwiimote"
| #define PACKAGE_VERSION "2"
| #define PACKAGE_STRING "xwiimote 2"
| #define PACKAGE_BUGREPORT "http://github.com/dvdhrm/xwiimote/issues"
| #define PACKAGE_URL "http://dvdhrm.github.io/xwiimote"
| #define STDC_HEADERS 1
| #define HAVE_SYS_TYPES_H 1
| #define HAVE_SYS_STAT_H 1
| #define HAVE_STDLIB_H 1
| #define HAVE_STRING_H 1
| #define HAVE_MEMORY_H 1
| #define HAVE_STRINGS_H 1
| #define HAVE_INTTYPES_H 1
| #define HAVE_STDINT_H 1
| #define HAVE_UNISTD_H 1
| /* end confdefs.h.  */
| #include <minix/config.h>
configure:3547: result: no
configure:3547: checking for minix/config.h
configure:3547: result: no
configure:3568: checking whether it is safe to define __EXTENSIONS__
configure:3586: gcc -c -g -O2  conftest.c >&5
configure:3586: $? = 0
configure:3593: result: yes
configure:3614: checking for special C compiler options needed for large files
configure:3659: result: no
configure:3665: checking for _FILE_OFFSET_BITS value needed for large files
configure:3690: gcc -c -g -O2  conftest.c >&5
conftest.c:29:41: warning: result of '-2147483648l << 31' requires 63 bits to represent, but 'long int' only has 32 bits [-Wshift-overflow=]
 #define LARGE_OFF_T ((((off_t) 1 << 31) << 31) - 1 + (((off_t) 1 << 31) << 31))
                                         ^
conftest.c:30:23: note: in expansion of macro 'LARGE_OFF_T'
   int off_t_is_large[(LARGE_OFF_T % 2147483629 == 721
                       ^~~~~~~~~~~
conftest.c:29:73: warning: result of '-2147483648l << 31' requires 63 bits to represent, but 'long int' only has 32 bits [-Wshift-overflow=]
 #define LARGE_OFF_T ((((off_t) 1 << 31) << 31) - 1 + (((off_t) 1 << 31) << 31))
                                                                         ^
conftest.c:30:23: note: in expansion of macro 'LARGE_OFF_T'
   int off_t_is_large[(LARGE_OFF_T % 2147483629 == 721
                       ^~~~~~~~~~~
conftest.c:29:41: warning: result of '-2147483648l << 31' requires 63 bits to represent, but 'long int' only has 32 bits [-Wshift-overflow=]
 #define LARGE_OFF_T ((((off_t) 1 << 31) << 31) - 1 + (((off_t) 1 << 31) << 31))
                                         ^
conftest.c:31:13: note: in expansion of macro 'LARGE_OFF_T'
          && LARGE_OFF_T % 2147483647 == 1)
             ^~~~~~~~~~~
conftest.c:29:73: warning: result of '-2147483648l << 31' requires 63 bits to represent, but 'long int' only has 32 bits [-Wshift-overflow=]
 #define LARGE_OFF_T ((((off_t) 1 << 31) << 31) - 1 + (((off_t) 1 << 31) << 31))
                                                                         ^
conftest.c:31:13: note: in expansion of macro 'LARGE_OFF_T'
          && LARGE_OFF_T % 2147483647 == 1)
             ^~~~~~~~~~~
conftest.c:30:7: error: variably modified 'off_t_is_large' at file scope
   int off_t_is_large[(LARGE_OFF_T % 2147483629 == 721
       ^~~~~~~~~~~~~~
configure:3690: $? = 1
configure: failed program was:
| /* confdefs.h */
| #define PACKAGE_NAME "xwiimote"
| #define PACKAGE_TARNAME "xwiimote"
| #define PACKAGE_VERSION "2"
| #define PACKAGE_STRING "xwiimote 2"
| #define PACKAGE_BUGREPORT "http://github.com/dvdhrm/xwiimote/issues"
| #define PACKAGE_URL "http://dvdhrm.github.io/xwiimote"
| #define STDC_HEADERS 1
| #define HAVE_SYS_TYPES_H 1
| #define HAVE_SYS_STAT_H 1
| #define HAVE_STDLIB_H 1
| #define HAVE_STRING_H 1
| #define HAVE_MEMORY_H 1
| #define HAVE_STRINGS_H 1
| #define HAVE_INTTYPES_H 1
| #define HAVE_STDINT_H 1
| #define HAVE_UNISTD_H 1
| #define __EXTENSIONS__ 1
| #define _ALL_SOURCE 1
| #define _GNU_SOURCE 1
| #define _POSIX_PTHREAD_SEMANTICS 1
| #define _TANDEM_SOURCE 1
| /* end confdefs.h.  */
| #include <sys/types.h>
|  /* Check that off_t can represent 2**63 - 1 correctly.
|     We can't simply define LARGE_OFF_T to be 9223372036854775807,
|     since some C++ compilers masquerading as C compilers
|     incorrectly reject 9223372036854775807.  */
| #define LARGE_OFF_T ((((off_t) 1 << 31) << 31) - 1 + (((off_t) 1 << 31) << 31))
|   int off_t_is_large[(LARGE_OFF_T % 2147483629 == 721
| 		       && LARGE_OFF_T % 2147483647 == 1)
| 		      ? 1 : -1];
| int
| main ()
| {
| 
|   ;
|   return 0;
| }
configure:3714: gcc -c -g -O2  conftest.c >&5
configure:3714: $? = 0
configure:3722: result: 64
configure:3811: checking build system type
configure:3825: result: armv7l-unknown-linux-gnueabihf
configure:3845: checking host system type
configure:3858: result: armv7l-unknown-linux-gnueabihf
configure:3895: checking for a BSD-compatible install
configure:3963: result: /usr/bin/install -c
configure:3974: checking whether build environment is sane
configure:4029: result: yes
configure:4177: checking for a thread-safe mkdir -p
configure:4216: result: /bin/mkdir -p
configure:4223: checking for gawk
configure:4253: result: no
configure:4223: checking for mawk
configure:4239: found /usr/bin/mawk
configure:4250: result: mawk
configure:4261: checking whether make sets $(MAKE)
configure:4283: result: yes
configure:4313: checking for style of include used by make
configure:4341: result: GNU
configure:4375: checking whether make supports nested variables
configure:4392: result: yes
configure:4471: checking how to create a pax tar archive
configure:4482: tar --version
tar (GNU tar) 1.29
Copyright (C) 2015 Free Software Foundation, Inc.
License GPLv3+: GNU GPL version 3 or later <http://gnu.org/licenses/gpl.html>.
This is free software: you are free to change and redistribute it.
There is NO WARRANTY, to the extent permitted by law.

Written by John Gilmore and Jay Fenlason.
configure:4485: $? = 0
configure:4525: tardir=conftest.dir && eval tar --format=posix -chf - "$tardir" >conftest.tar
configure:4528: $? = 0
configure:4532: tar -xf - <conftest.tar
configure:4535: $? = 0
configure:4537: cat conftest.dir/file
GrepMe
configure:4540: $? = 0
configure:4553: result: gnutar
configure:4562: checking dependency style of gcc
configure:4673: result: gcc3
configure:4742: checking whether make supports nested variables
configure:4759: result: yes
configure:4822: checking for gcc
configure:4849: result: gcc
configure:5078: checking for C compiler version
configure:5087: gcc --version >&5
gcc (Raspbian 6.3.0-18+rpi1+deb9u1) 6.3.0 20170516
Copyright (C) 2016 Free Software Foundation, Inc.
This is free software; see the source for copying conditions.  There is NO
warranty; not even for MERCHANTABILITY or FITNESS FOR A PARTICULAR PURPOSE.

configure:5098: $? = 0
configure:5087: gcc -v >&5
Using built-in specs.
COLLECT_GCC=gcc
COLLECT_LTO_WRAPPER=/usr/lib/gcc/arm-linux-gnueabihf/6/lto-wrapper
Target: arm-linux-gnueabihf
Configured with: ../src/configure -v --with-pkgversion='Raspbian 6.3.0-18+rpi1+deb9u1' --with-bugurl=file:///usr/share/doc/gcc-6/README.Bugs --enable-languages=c,ada,c++,java,go,d,fortran,objc,obj-c++ --prefix=/usr --program-suffix=-6 --program-prefix=arm-linux-gnueabihf- --enable-shared --enable-linker-build-id --libexecdir=/usr/lib --without-included-gettext --enable-threads=posix --libdir=/usr/lib --enable-nls --with-sysroot=/ --enable-clocale=gnu --enable-libstdcxx-debug --enable-libstdcxx-time=yes --with-default-libstdcxx-abi=new --enable-gnu-unique-object --disable-libitm --disable-libquadmath --enable-plugin --with-system-zlib --disable-browser-plugin --enable-java-awt=gtk --enable-gtk-cairo --with-java-home=/usr/lib/jvm/java-1.5.0-gcj-6-armhf/jre --enable-java-home --with-jvm-root-dir=/usr/lib/jvm/java-1.5.0-gcj-6-armhf --with-jvm-jar-dir=/usr/lib/jvm-exports/java-1.5.0-gcj-6-armhf --with-arch-directory=arm --with-ecj-jar=/usr/share/java/eclipse-ecj.jar --with-target-system-zlib --enable-objc-gc=auto --enable-multiarch --disable-sjlj-exceptions --with-arch=armv6 --with-fpu=vfp --with-float=hard --enable-checking=release --build=arm-linux-gnueabihf --host=arm-linux-gnueabihf --target=arm-linux-gnueabihf
Thread model: posix
gcc version 6.3.0 20170516 (Raspbian 6.3.0-18+rpi1+deb9u1) 
configure:5098: $? = 0
configure:5087: gcc -V >&5
gcc: error: unrecognized command line option '-V'
gcc: fatal error: no input files
compilation terminated.
configure:5098: $? = 1
configure:5087: gcc -qversion >&5
gcc: error: unrecognized command line option '-qversion'; did you mean '--version'?
gcc: fatal error: no input files
compilation terminated.
configure:5098: $? = 1
configure:5102: checking whether we are using the GNU C compiler
configure:5130: result: yes
configure:5139: checking whether gcc accepts -g
configure:5200: result: yes
configure:5217: checking for gcc option to accept ISO C89
configure:5293: result: none needed
configure:5318: checking whether gcc understands -c and -o together
configure:5355: result: yes
configure:5372: checking for gcc option to accept ISO C99
configure:5521: gcc  -c -g -O2  conftest.c >&5
configure:5521: $? = 0
configure:5534: result: none needed
configure:5550: checking whether ln -s works
configure:5554: result: yes
configure:5610: checking for ar
configure:5626: found /usr/bin/ar
configure:5637: result: ar
configure:5663: checking the archiver (ar) interface
configure:5679: gcc -c -g -O2  conftest.c >&5
configure:5679: $? = 0
configure:5681: ar cru libconftest.a conftest.o >&5
ar: `u' modifier ignored since `D' is the default (see `U')
configure:5684: $? = 0
configure:5712: result: ar
configure:5780: checking how to print strings
configure:5807: result: printf
configure:5828: checking for a sed that does not truncate output
configure:5892: result: /bin/sed
configure:5910: checking for fgrep
configure:5972: result: /bin/grep -F
configure:6007: checking for ld used by gcc
configure:6074: result: /usr/bin/ld
configure:6081: checking if the linker (/usr/bin/ld) is GNU ld
configure:6096: result: yes
configure:6108: checking for BSD- or MS-compatible name lister (nm)
configure:6162: result: /usr/bin/nm -B
configure:6292: checking the name lister (/usr/bin/nm -B) interface
configure:6299: gcc -c -g -O2  conftest.c >&5
configure:6302: /usr/bin/nm -B "conftest.o"
configure:6305: output
00000000 B some_variable
configure:6312: result: BSD nm
configure:6316: checking the maximum length of command line arguments
configure:6447: result: 1572864
configure:6495: checking how to convert armv7l-unknown-linux-gnueabihf file names to armv7l-unknown-linux-gnueabihf format
configure:6535: result: func_convert_file_noop
configure:6542: checking how to convert armv7l-unknown-linux-gnueabihf file names to toolchain format
configure:6562: result: func_convert_file_noop
configure:6569: checking for /usr/bin/ld option to reload object files
configure:6576: result: -r
configure:6650: checking for objdump
configure:6666: found /usr/bin/objdump
configure:6677: result: objdump
configure:6709: checking how to recognize dependent libraries
configure:6909: result: pass_all
configure:6994: checking for dlltool
configure:7024: result: no
configure:7054: checking how to associate runtime and link libraries
configure:7081: result: printf %s\n
configure:7205: checking for archiver @FILE support
configure:7222: gcc -c -g -O2  conftest.c >&5
configure:7222: $? = 0
configure:7225: ar cru libconftest.a @conftest.lst >&5
ar: `u' modifier ignored since `D' is the default (see `U')
configure:7228: $? = 0
configure:7233: ar cru libconftest.a @conftest.lst >&5
ar: `u' modifier ignored since `D' is the default (see `U')
ar: conftest.o: No such file or directory
configure:7236: $? = 1
configure:7248: result: @
configure:7306: checking for strip
configure:7322: found /usr/bin/strip
configure:7333: result: strip
configure:7405: checking for ranlib
configure:7421: found /usr/bin/ranlib
configure:7432: result: ranlib
configure:7534: checking command to parse /usr/bin/nm -B output from gcc object
configure:7687: gcc -c -g -O2  conftest.c >&5
configure:7690: $? = 0
configure:7694: /usr/bin/nm -B conftest.o \| sed -n -e 's/^.*[ ]\([ABCDGIRSTW][ABCDGIRSTW]*\)[ ][ ]*\([_A-Za-z][_A-Za-z0-9]*\)$/\1 \2 \2/p' | sed '/ __gnu_lto/d' \> conftest.nm
configure:7697: $? = 0
configure:7763: gcc -o conftest -g -O2   conftest.c conftstm.o >&5
configure:7766: $? = 0
configure:7804: result: ok
configure:7851: checking for sysroot
configure:7881: result: no
configure:7888: checking for a working dd
configure:7926: result: /bin/dd
configure:7930: checking how to truncate binary pipes
configure:7945: result: /bin/dd bs=4096 count=1
configure:8274: checking for mt
configure:8290: found /bin/mt
configure:8301: result: mt
configure:8324: checking if mt is a manifest tool
configure:8330: mt '-?'
configure:8338: result: no
configure:9012: checking for dlfcn.h
configure:9012: gcc -c -g -O2  conftest.c >&5
configure:9012: $? = 0
configure:9012: result: yes
configure:9268: checking for objdir
configure:9283: result: .libs
configure:9547: checking if gcc supports -fno-rtti -fno-exceptions
configure:9565: gcc -c -g -O2  -fno-rtti -fno-exceptions conftest.c >&5
cc1: warning: command line option '-fno-rtti' is valid for C++/ObjC++ but not for C
configure:9569: $? = 0
configure:9582: result: no
configure:9940: checking for gcc option to produce PIC
configure:9947: result: -fPIC -DPIC
configure:9955: checking if gcc PIC flag -fPIC -DPIC works
configure:9973: gcc -c -g -O2  -fPIC -DPIC -DPIC conftest.c >&5
configure:9977: $? = 0
configure:9990: result: yes
configure:10019: checking if gcc static flag -static works
configure:10047: result: yes
configure:10062: checking if gcc supports -c -o file.o
configure:10083: gcc -c -g -O2  -o out/conftest2.o conftest.c >&5
configure:10087: $? = 0
configure:10109: result: yes
configure:10117: checking if gcc supports -c -o file.o
configure:10164: result: yes
configure:10197: checking whether the gcc linker (/usr/bin/ld) supports shared libraries
configure:11460: result: yes
configure:11497: checking whether -lc should be explicitly linked in
configure:11505: gcc -c -g -O2  conftest.c >&5
configure:11508: $? = 0
configure:11523: gcc -shared  -fPIC -DPIC conftest.o  -v -Wl,-soname -Wl,conftest -o conftest 2\>\&1 \| /bin/grep  -lc  \>/dev/null 2\>\&1
configure:11526: $? = 0
configure:11540: result: no
configure:11700: checking dynamic linker characteristics
configure:12281: gcc -o conftest -g -O2   -Wl,-rpath -Wl,/foo conftest.c  >&5
configure:12281: $? = 0
configure:12530: result: GNU/Linux ld.so
configure:12652: checking how to hardcode library paths into programs
configure:12677: result: immediate
configure:13225: checking whether stripping libraries is possible
configure:13230: result: yes
configure:13265: checking if libtool supports shared libraries
configure:13267: result: yes
configure:13270: checking whether to build shared libraries
configure:13295: result: yes
configure:13298: checking whether to build static libraries
configure:13302: result: yes
configure:13394: checking for pkg-config
configure:13412: found /usr/bin/pkg-config
configure:13424: result: /usr/bin/pkg-config
configure:13449: checking pkg-config is at least version 0.9.0
configure:13452: result: yes
configure:13462: checking for UDEV
configure:13469: $PKG_CONFIG --exists --print-errors "libudev"
configure:13472: $? = 0
configure:13486: $PKG_CONFIG --exists --print-errors "libudev"
configure:13489: $? = 0
configure:13547: result: yes
configure:13556: checking for NCURSES
configure:13563: $PKG_CONFIG --exists --print-errors "ncurses"
configure:13566: $? = 0
configure:13580: $PKG_CONFIG --exists --print-errors "ncurses"
configure:13583: $? = 0
configure:13641: result: yes
configure:13648: checking whether to build with debugging on
configure:13667: result: no
configure:13687: checking for doxygen
configure:13720: result: no
configure:13857: checking that generated files are newer than configure
configure:13863: result: done
configure:13894: creating ./config.status

## ---------------------- ##
## Running config.status. ##
## ---------------------- ##

This file was extended by xwiimote config.status 2, which was
generated by GNU Autoconf 2.69.  Invocation command line was

  CONFIG_FILES    = 
  CONFIG_HEADERS  = 
  CONFIG_LINKS    = 
  CONFIG_COMMANDS = 
  $ ./config.status 

on raspberrypi

config.status:1106: creating Makefile
config.status:1106: creating libxwiimote.pc
config.status:1106: creating doc/Doxyfile
config.status:1106: creating config.h
config.status:1335: executing depfiles commands
config.status:1335: executing libtool commands
configure:16050: Build configuration:

               prefix: /usr/local
          exec-prefix: ${prefix}
               libdir: ${exec_prefix}/lib
           includedir: ${prefix}/include

                debug: no
              doxygen: no

        Run "make" to start compilation process

## ---------------- ##
## Cache variables. ##
## ---------------- ##

ac_cv_build=armv7l-unknown-linux-gnueabihf
ac_cv_c_compiler_gnu=yes
ac_cv_env_CC_set=
ac_cv_env_CC_value=
ac_cv_env_CFLAGS_set=
ac_cv_env_CFLAGS_value=
ac_cv_env_CPPFLAGS_set=
ac_cv_env_CPPFLAGS_value=
ac_cv_env_CPP_set=
ac_cv_env_CPP_value=
ac_cv_env_DOXYGEN_set=
ac_cv_env_DOXYGEN_value=
ac_cv_env_LDFLAGS_set=
ac_cv_env_LDFLAGS_value=
ac_cv_env_LIBS_set=
ac_cv_env_LIBS_value=
ac_cv_env_LT_SYS_LIBRARY_PATH_set=
ac_cv_env_LT_SYS_LIBRARY_PATH_value=
ac_cv_env_NCURSES_CFLAGS_set=
ac_cv_env_NCURSES_CFLAGS_value=
ac_cv_env_NCURSES_LIBS_set=
ac_cv_env_NCURSES_LIBS_value=
ac_cv_env_PKG_CONFIG_LIBDIR_set=
ac_cv_env_PKG_CONFIG_LIBDIR_value=
ac_cv_env_PKG_CONFIG_PATH_set=
ac_cv_env_PKG_CONFIG_PATH_value=
ac_cv_env_PKG_CONFIG_set=
ac_cv_env_PKG_CONFIG_value=
ac_cv_env_UDEV_CFLAGS_set=
ac_cv_env_UDEV_CFLAGS_value=
ac_cv_env_UDEV_LIBS_set=
ac_cv_env_UDEV_LIBS_value=
ac_cv_env_build_alias_set=
ac_cv_env_build_alias_value=
ac_cv_env_host_alias_set=
ac_cv_env_host_alias_value=
ac_cv_env_target_alias_set=
ac_cv_env_target_alias_value=
ac_cv_header_dlfcn_h=yes
ac_cv_header_inttypes_h=yes
ac_cv_header_memory_h=yes
ac_cv_header_minix_config_h=no
ac_cv_header_stdc=yes
ac_cv_header_stdint_h=yes
ac_cv_header_stdlib_h=yes
ac_cv_header_string_h=yes
ac_cv_header_strings_h=yes
ac_cv_header_sys_stat_h=yes
ac_cv_header_sys_types_h=yes
ac_cv_header_unistd_h=yes
ac_cv_host=armv7l-unknown-linux-gnueabihf
ac_cv_objext=o
ac_cv_path_EGREP='/bin/grep -E'
ac_cv_path_FGREP='/bin/grep -F'
ac_cv_path_GREP=/bin/grep
ac_cv_path_SED=/bin/sed
ac_cv_path_ac_pt_PKG_CONFIG=/usr/bin/pkg-config
ac_cv_path_install='/usr/bin/install -c'
ac_cv_path_lt_DD=/bin/dd
ac_cv_path_mkdir=/bin/mkdir
ac_cv_prog_AWK=mawk
ac_cv_prog_CPP='gcc -E'
ac_cv_prog_ac_ct_AR=ar
ac_cv_prog_ac_ct_CC=gcc
ac_cv_prog_ac_ct_MANIFEST_TOOL=mt
ac_cv_prog_ac_ct_OBJDUMP=objdump
ac_cv_prog_ac_ct_RANLIB=ranlib
ac_cv_prog_ac_ct_STRIP=strip
ac_cv_prog_cc_c89=
ac_cv_prog_cc_c99=
ac_cv_prog_cc_g=yes
ac_cv_prog_make_make_set=yes
ac_cv_safe_to_define___extensions__=yes
ac_cv_sys_file_offset_bits=64
ac_cv_sys_largefile_CC=no
am_cv_CC_dependencies_compiler_type=gcc3
am_cv_ar_interface=ar
am_cv_make_support_nested_variables=yes
am_cv_prog_cc_c_o=yes
am_cv_prog_tar_pax=gnutar
lt_cv_ar_at_file=@
lt_cv_archive_cmds_need_lc=no
lt_cv_deplibs_check_method=pass_all
lt_cv_file_magic_cmd='$MAGIC_CMD'
lt_cv_file_magic_test_file=
lt_cv_ld_reload_flag=-r
lt_cv_nm_interface='BSD nm'
lt_cv_objdir=.libs
lt_cv_path_LD=/usr/bin/ld
lt_cv_path_NM='/usr/bin/nm -B'
lt_cv_path_mainfest_tool=no
lt_cv_prog_compiler_c_o=yes
lt_cv_prog_compiler_pic='-fPIC -DPIC'
lt_cv_prog_compiler_pic_works=yes
lt_cv_prog_compiler_rtti_exceptions=no
lt_cv_prog_compiler_static_works=yes
lt_cv_prog_gnu_ld=yes
lt_cv_sharedlib_from_linklib_cmd='printf %s\n'
lt_cv_shlibpath_overrides_runpath=no
lt_cv_sys_global_symbol_pipe='sed -n -e '\''s/^.*[	 ]\([ABCDGIRSTW][ABCDGIRSTW]*\)[	 ][	 ]*\([_A-Za-z][_A-Za-z0-9]*\)$/\1 \2 \2/p'\'' | sed '\''/ __gnu_lto/d'\'''
lt_cv_sys_global_symbol_to_c_name_address='sed -n -e '\''s/^: \(.*\) .*$/  {"\1", (void *) 0},/p'\'' -e '\''s/^[ABCDGIRSTW][ABCDGIRSTW]* .* \(.*\)$/  {"\1", (void *) \&\1},/p'\'''
lt_cv_sys_global_symbol_to_c_name_address_lib_prefix='sed -n -e '\''s/^: \(.*\) .*$/  {"\1", (void *) 0},/p'\'' -e '\''s/^[ABCDGIRSTW][ABCDGIRSTW]* .* \(lib.*\)$/  {"\1", (void *) \&\1},/p'\'' -e '\''s/^[ABCDGIRSTW][ABCDGIRSTW]* .* \(.*\)$/  {"lib\1", (void *) \&\1},/p'\'''
lt_cv_sys_global_symbol_to_cdecl='sed -n -e '\''s/^T .* \(.*\)$/extern int \1();/p'\'' -e '\''s/^[ABCDGIRSTW][ABCDGIRSTW]* .* \(.*\)$/extern char \1;/p'\'''
lt_cv_sys_global_symbol_to_import=
lt_cv_sys_max_cmd_len=1572864
lt_cv_to_host_file_cmd=func_convert_file_noop
lt_cv_to_tool_file_cmd=func_convert_file_noop
lt_cv_truncate_bin='/bin/dd bs=4096 count=1'
pkg_cv_NCURSES_CFLAGS='-D_GNU_SOURCE -D_DEFAULT_SOURCE'
pkg_cv_NCURSES_LIBS='-lncurses -ltinfo'
pkg_cv_UDEV_CFLAGS=
pkg_cv_UDEV_LIBS=-ludev

## ----------------- ##
## Output variables. ##
## ----------------- ##

ACLOCAL='${SHELL} /home/pi/xwiimote/build-aux/missing aclocal-1.15'
AMDEPBACKSLASH='\'
AMDEP_FALSE='#'
AMDEP_TRUE=''
AMTAR='$${TAR-tar}'
AM_BACKSLASH='\'
AM_DEFAULT_V='$(AM_DEFAULT_VERBOSITY)'
AM_DEFAULT_VERBOSITY='0'
AM_V='$(V)'
AR='ar'
AUTOCONF='${SHELL} /home/pi/xwiimote/build-aux/missing autoconf'
AUTOHEADER='${SHELL} /home/pi/xwiimote/build-aux/missing autoheader'
AUTOMAKE='${SHELL} /home/pi/xwiimote/build-aux/missing automake-1.15'
AWK='mawk'
CC='gcc'
CCDEPMODE='depmode=gcc3'
CFLAGS='-g -O2'
CPP='gcc -E'
CPPFLAGS=''
CYGPATH_W='echo'
DEBUG_FALSE=''
DEBUG_TRUE='#'
DEFS='-DHAVE_CONFIG_H'
DEPDIR='.deps'
DLLTOOL='false'
DOXYGEN=''
DSYMUTIL=''
DUMPBIN=''
ECHO_C=''
ECHO_N='-n'
ECHO_T=''
EGREP='/bin/grep -E'
EXEEXT=''
FGREP='/bin/grep -F'
GREP='/bin/grep'
HAVE_DOXYGEN_FALSE=''
HAVE_DOXYGEN_TRUE='#'
INSTALL_DATA='${INSTALL} -m 644'
INSTALL_PROGRAM='${INSTALL}'
INSTALL_SCRIPT='${INSTALL}'
INSTALL_STRIP_PROGRAM='$(install_sh) -c -s'
LD='/usr/bin/ld'
LDFLAGS=''
LIBOBJS=''
LIBS=''
LIBTOOL='$(SHELL) $(top_builddir)/libtool'
LIPO=''
LN_S='ln -s'
LTLIBOBJS=''
LT_SYS_LIBRARY_PATH=''
MAKEINFO='${SHELL} /home/pi/xwiimote/build-aux/missing makeinfo'
MANIFEST_TOOL=':'
MKDIR_P='/bin/mkdir -p'
NCURSES_CFLAGS='-D_GNU_SOURCE -D_DEFAULT_SOURCE'
NCURSES_LIBS='-lncurses -ltinfo'
NM='/usr/bin/nm -B'
NMEDIT=''
OBJDUMP='objdump'
OBJEXT='o'
OTOOL64=''
OTOOL=''
PACKAGE='xwiimote'
PACKAGE_BUGREPORT='http://github.com/dvdhrm/xwiimote/issues'
PACKAGE_NAME='xwiimote'
PACKAGE_STRING='xwiimote 2'
PACKAGE_TARNAME='xwiimote'
PACKAGE_URL='http://dvdhrm.github.io/xwiimote'
PACKAGE_VERSION='2'
PATH_SEPARATOR=':'
PKG_CONFIG='/usr/bin/pkg-config'
PKG_CONFIG_LIBDIR=''
PKG_CONFIG_PATH=''
RANLIB='ranlib'
SED='/bin/sed'
SET_MAKE=''
SHELL='/bin/bash'
STRIP='strip'
UDEV_CFLAGS=''
UDEV_LIBS='-ludev'
VERSION='2'
ac_ct_AR='ar'
ac_ct_CC='gcc'
ac_ct_DUMPBIN=''
am__EXEEXT_FALSE=''
am__EXEEXT_TRUE='#'
am__fastdepCC_FALSE='#'
am__fastdepCC_TRUE=''
am__include='include'
am__isrc=''
am__leading_dot='.'
am__nodep='_no'
am__quote=''
am__tar='tar --format=posix -chf - "$$tardir"'
am__untar='tar -xf -'
bindir='${exec_prefix}/bin'
build='armv7l-unknown-linux-gnueabihf'
build_alias=''
build_cpu='armv7l'
build_os='linux-gnueabihf'
build_vendor='unknown'
datadir='${datarootdir}'
datarootdir='${prefix}/share'
docdir='${datarootdir}/doc/${PACKAGE_TARNAME}'
dvidir='${docdir}'
exec_prefix='${prefix}'
host='armv7l-unknown-linux-gnueabihf'
host_alias=''
host_cpu='armv7l'
host_os='linux-gnueabihf'
host_vendor='unknown'
htmldir='${docdir}'
includedir='${prefix}/include'
infodir='${datarootdir}/info'
install_sh='${SHELL} /home/pi/xwiimote/build-aux/install-sh'
libdir='${exec_prefix}/lib'
libexecdir='${exec_prefix}/libexec'
localedir='${datarootdir}/locale'
localstatedir='${prefix}/var'
mandir='${datarootdir}/man'
mkdir_p='$(MKDIR_P)'
oldincludedir='/usr/include'
pdfdir='${docdir}'
prefix='/usr/local'
program_transform_name='s,x,x,'
psdir='${docdir}'
runstatedir='${localstatedir}/run'
sbindir='${exec_prefix}/sbin'
sharedstatedir='${prefix}/com'
sysconfdir='${prefix}/etc'
target_alias=''

## ----------- ##
## confdefs.h. ##
## ----------- ##

/* confdefs.h */
#define PACKAGE_NAME "xwiimote"
#define PACKAGE_TARNAME "xwiimote"
#define PACKAGE_VERSION "2"
#define PACKAGE_STRING "xwiimote 2"
#define PACKAGE_BUGREPORT "http://github.com/dvdhrm/xwiimote/issues"
#define PACKAGE_URL "http://dvdhrm.github.io/xwiimote"
#define STDC_HEADERS 1
#define HAVE_SYS_TYPES_H 1
#define HAVE_SYS_STAT_H 1
#define HAVE_STDLIB_H 1
#define HAVE_STRING_H 1
#define HAVE_MEMORY_H 1
#define HAVE_STRINGS_H 1
#define HAVE_INTTYPES_H 1
#define HAVE_STDINT_H 1
#define HAVE_UNISTD_H 1
#define __EXTENSIONS__ 1
#define _ALL_SOURCE 1
#define _GNU_SOURCE 1
#define _POSIX_PTHREAD_SEMANTICS 1
#define _TANDEM_SOURCE 1
#define _FILE_OFFSET_BITS 64
#define PACKAGE "xwiimote"
#define VERSION "2"
#define HAVE_DLFCN_H 1
#define LT_OBJDIR ".libs/"
#define NDEBUG 1

configure: exit 0
